<?xml version="1.0" encoding="UTF-8"?>
<testng-results skipped="0" failed="0" total="1" passed="1">
  <reporter-output>
  </reporter-output>
  <suite name="Default suite" duration-ms="66875" started-at="2020-03-15T11:48:31Z" finished-at="2020-03-15T11:49:38Z">
    <groups>
    </groups>
    <test name="Default test" duration-ms="66875" started-at="2020-03-15T11:48:31Z" finished-at="2020-03-15T11:49:38Z">
      <class name="com.driverFactory.FileUploadTest">
        <test-method status="PASS" signature="setUp()[pri:0, instance:com.driverFactory.FileUploadTest@1ed4004b]" name="setUp" is-config="true" duration-ms="11420" started-at="2020-03-15T07:48:31Z" finished-at="2020-03-15T07:48:42Z">
          <reporter-output>
          </reporter-output>
        </test-method> <!-- setUp -->
        <test-method status="PASS" signature="fileUploadTest()[pri:0, instance:com.driverFactory.FileUploadTest@1ed4004b]" name="fileUploadTest" duration-ms="55438" started-at="2020-03-15T07:48:42Z" finished-at="2020-03-15T07:49:38Z">
          <reporter-output>
          </reporter-output>
        </test-method> <!-- fileUploadTest -->
      </class> <!-- com.driverFactory.FileUploadTest -->
    </test> <!-- Default test -->
  </suite> <!-- Default suite -->
</testng-results>
